<?xml version="1.0" encoding="UTF-8"?>
<testsuite name="com.petstore.cucumber.CucumberRunner" time="3.507" tests="40" errors="0" skipped="0" failures="0">
  <properties>
[...]
</properties>
  <testcase name="Given Petstore app is running" classname="| 1234 | Poochu | Owned |" time="0.001"/>
  <testcase name="Given Petstore app is running" classname="| 1234 | Poochu | Owned |" time="0"/>
  <testcase name="When I create a new Pet by providing petID &quot;1234&quot; name &quot;Poochu&quot; status &quot;Owned&quot;" classname="| 1234 | Poochu | Owned |" time="0"/>
  <testcase name="When I create a new Pet by providing petID &quot;1234&quot; name &quot;Poochu&quot; status &quot;Owned&quot;" classname="| 1234 | Poochu | Owned |" time="0"/>
  <testcase name="Then I must get back a valid status code 200" classname="| 1234 | Poochu | Owned |" time="0"/>
  <testcase name="| 1234 | Poochu | Owned |" classname="| 1234 | Poochu | Owned |" time="1.825"/>
  <testcase name="| 1234 | Poochu | Owned |" classname="| 1234 | Poochu | Owned |" time="0.108"/>
  <testcase name="| 1234 | Poochu | Owned |" classname="| 1234 | Poochu | Owned |" time="0.674"/>
  <testcase name="When I send GET request for petID &quot;&lt;id&gt;&quot;" classname="Scenario: As a user I am getting detail of new pet" time="0"/>
  <testcase name="Then I must get back valid status code 200" classname="Scenario: As a user I am getting detail of new pet" time="0"/>
  <testcase name="Scenario: As a user I am getting detail of new pet" classname="Scenario: As a user I am getting detail of new pet" time="0.052"/>
  <testcase name="When I update a Pet by providing petID &quot;1234&quot; name &quot;Poochu&quot; status &quot;Owned&quot;" classname="| 1234 | Poochu | Owned |" time="0"/>
  <testcase name="Then I must get a valid status code 200" classname="| 1234 | Poochu | Owned |" time="0"/>
  <testcase name="When I send delete request by petID &quot;&lt;id&gt;&quot;" classname="Scenario: As user I am deleting Pet detail" time="0"/>
  <testcase name="Then pet detail get deleted and get status code 200" classname="Scenario: As user I am deleting Pet detail" time="0"/>
  <testcase name="Scenario: As user I am deleting Pet detail" classname="Scenario: As user I am deleting Pet detail" time="0.049"/>
  <testcase name="And I send GET request for petID &quot;1234&quot;" classname="| 1234 | Poochu | Owned |" time="0"/>
  <testcase name="And I update a Pet by providing petID &quot;1234&quot; name &quot;Poochu&quot; status &quot;Owned&quot;" classname="| 1234 | Poochu | Owned |" time="0"/>
  <testcase name="And I send delete request by petID &quot;1234&quot;" classname="| 1234 | Poochu | Owned |" time="0"/>
  <testcase name="Then pet detail get deleted and get status code 200" classname="| 1234 | Poochu | Owned |" time="0"/>
  <testcase name="Given Petstore app is running" classname="| 999 | Champak | Champaklal | Gada | Champak.Gada@email.com | Champak789 | 07895628922 | 1 |" time="0"/>
  <testcase name="Given Petstore app is running" classname="| 999 | Champak | Champaklal | Gada | Champak.Gada@email.com | Champak789 | 07895628922 | 1 |" time="0"/>
  <testcase name="When I create a new user by providing userID &quot;999&quot; username &quot;Champak&quot; firstName &quot;Champaklal&quot; lastName &quot;Gada&quot; email &quot;Champak.Gada@email.com&quot; password &quot;Champak789&quot; phone &quot;07895628922&quot; userStatus &quot;1&quot;" classname="| 999 | Champak | Champaklal | Gada | Champak.Gada@email.com | Champak789 | 07895628922 | 1 |" time="0"/>
  <testcase name="When I create a new user by providing userID &quot;999&quot; username &quot;Champak&quot; firstName &quot;Champaklal&quot; lastName &quot;Gada&quot; email &quot;Champak.Gada@email.com&quot; password &quot;Champak789&quot; phone &quot;07895628922&quot; userStatus &quot;1&quot;" classname="| 999 | Champak | Champaklal | Gada | Champak.Gada@email.com | Champak789 | 07895628922 | 1 |" time="0"/>
  <testcase name="Then user must get back a valid status code 200" classname="| 999 | Champak | Champaklal | Gada | Champak.Gada@email.com | Champak789 | 07895628922 | 1 |" time="0"/>
  <testcase name="| 999 | Champak | Champaklal | Gada | Champak.Gada@email.com | Champak789 | 07895628922 | 1 |" classname="| 999 | Champak | Champaklal | Gada | Champak.Gada@email.com | Champak789 | 07895628922 | 1 |" time="0.598"/>
  <testcase name="| 999 | Champak | Champaklal | Gada | Champak.Gada@email.com | Champak789 | 07895628922 | 1 |" classname="| 999 | Champak | Champaklal | Gada | Champak.Gada@email.com | Champak789 | 07895628922 | 1 |" time="0.131"/>
  <testcase name="When I send GET request for userID &quot;&lt;id&gt;&quot;" classname="Scenario: As a user I am getting detail of new user" time="0"/>
  <testcase name="Then I should get back a valid status code 200" classname="Scenario: As a user I am getting detail of new user" time="0"/>
  <testcase name="Scenario: As a user I am getting detail of new user" classname="Scenario: As a user I am getting detail of new user" time="0.169"/>
  <testcase name="When I update user by providing userID &quot;999&quot; username &quot;Champak&quot; firstName &quot;Jethalal&quot; lastName &quot;Gada&quot; email &quot;Jetha.Gada@email.com&quot; password &quot;Champak586&quot; phone &quot;07895628922&quot; userStatus &quot;1&quot;" classname="| 999 | Champak | Jethalal | Gada | Jetha.Gada@email.com | Champak586 | 07895628922 | 1 |" time="0"/>
  <testcase name="Then I should get a valid status code 200" classname="| 999 | Champak | Jethalal | Gada | Jetha.Gada@email.com | Champak586 | 07895628922 | 1 |" time="0"/>
  <testcase name="| 999 | Champak | Jethalal | Gada | Jetha.Gada@email.com | Champak586 | 07895628922 | 1 |" classname="| 999 | Champak | Jethalal | Gada | Jetha.Gada@email.com | Champak586 | 07895628922 | 1 |" time="0.707"/>
  <testcase name="When I send delete request by userID &quot;&lt;id&gt;&quot;" classname="Scenario: As user I am deleting user detail" time="0"/>
  <testcase name="Then user get deleted and get status code 200" classname="Scenario: As user I am deleting user detail" time="0"/>
  <testcase name="Scenario: As user I am deleting user detail" classname="Scenario: As user I am deleting user detail" time="0.106"/>
  <testcase name="And I send GET request for userID &quot;999&quot;" classname="| 999 | Champak | Champaklal | Gada | Champak.Gada@email.com | Champak789 | 07895628922 | 1 |" time="0"/>
  <testcase name="And I update user by providing userID &quot;999&quot; username &quot;Champak&quot; firstName &quot;Champaklal&quot; lastName &quot;Gada&quot; email &quot;Champak.Gada@email.com&quot; password &quot;Champak789&quot; phone &quot;07895628922&quot; userStatus &quot;1&quot;" classname="| 999 | Champak | Champaklal | Gada | Champak.Gada@email.com | Champak789 | 07895628922 | 1 |" time="0"/>
  <testcase name="And I send delete request by userID &quot;999&quot;" classname="| 999 | Champak | Champaklal | Gada | Champak.Gada@email.com | Champak789 | 07895628922 | 1 |" time="0"/>
  <testcase name="Then user get deleted and get status code 200" classname="| 999 | Champak | Champaklal | Gada | Champak.Gada@email.com | Champak789 | 07895628922 | 1 |" time="0"/>
</testsuite>